<?xml version="1.0" encoding="UTF-8"?>
<testng-results ignored="0" total="1" passed="1" failed="0" skipped="0">
  <reporter-output>
  </reporter-output>
  <suite started-at="2022-06-07T12:43:21 EDT" name="Default suite" finished-at="2022-06-07T12:43:23 EDT" duration-ms="1547">
    <groups>
    </groups>
    <test started-at="2022-06-07T12:43:21 EDT" name="Default test" finished-at="2022-06-07T12:43:23 EDT" duration-ms="1547">
      <class name="tests.GetandPostRequest">
        <test-method signature="testPost()[pri:0, instance:tests.GetandPostRequest@4bb33f74]" started-at="2022-06-07T12:43:21 EDT" name="testPost" finished-at="2022-06-07T12:43:23 EDT" duration-ms="1521" status="PASS">
          <reporter-output>
          </reporter-output>
        </test-method> <!-- testPost -->
      </class> <!-- tests.GetandPostRequest -->
    </test> <!-- Default test -->
  </suite> <!-- Default suite -->
</testng-results>
